10-06-2023 11:07:16 AM	This log contains information about the import schema operation into project 'Customer' on computer 'LAPTOP-RM9VLGS3' by user 'LAKSHMI NARAYANAN'.
10-06-2023 11:07:16 AM	Import of database schema has started.
10-06-2023 11:07:29 AM	Gathering database credentials
10-06-2023 11:07:29 AM	Gathering database options
10-06-2023 11:07:29 AM	Gathering generic database scoped configuration option
10-06-2023 11:07:29 AM	Gathering users
10-06-2023 11:07:29 AM	Gathering roles
10-06-2023 11:07:29 AM	Gathering application roles
10-06-2023 11:07:29 AM	Gathering role memberships
10-06-2023 11:07:29 AM	Gathering filegroups
10-06-2023 11:07:29 AM	Gathering full-text catalogs
10-06-2023 11:07:29 AM	Gathering assemblies
10-06-2023 11:07:29 AM	Gathering certificates
10-06-2023 11:07:29 AM	Gathering asymmetric keys
10-06-2023 11:07:29 AM	Gathering symmetric keys
10-06-2023 11:07:29 AM	Gathering encrypted symmetric keys
10-06-2023 11:07:29 AM	Gathering schemas
10-06-2023 11:07:29 AM	Gathering XML schema collections
10-06-2023 11:07:29 AM	Gathering user-defined data types
10-06-2023 11:07:29 AM	Gathering user-defined types
10-06-2023 11:07:29 AM	Gathering table types
10-06-2023 11:07:29 AM	Gathering unique keys for table types
10-06-2023 11:07:29 AM	Gathering primary keys for table types
10-06-2023 11:07:29 AM	Gathering indexes for table types
10-06-2023 11:07:29 AM	Gathering check constraints for table types
10-06-2023 11:07:29 AM	Gathering default constraints for table types
10-06-2023 11:07:29 AM	Gathering partition functions
10-06-2023 11:07:29 AM	Gathering partition schemes
10-06-2023 11:07:29 AM	Gathering functions
10-06-2023 11:07:29 AM	Gathering encrypted functions
10-06-2023 11:07:29 AM	Gathering aggregates
10-06-2023 11:07:29 AM	Gathering procedures
10-06-2023 11:07:29 AM	Gathering encrypted procedures
10-06-2023 11:07:29 AM	Gathering tables
10-06-2023 11:08:24 AM	Gathering primary keys
10-06-2023 11:08:24 AM	Gathering unique constraints
10-06-2023 11:08:24 AM	Gathering foreign keys
10-06-2023 11:08:49 AM	Gathering default constraints
10-06-2023 11:08:49 AM	Gathering check constraints
10-06-2023 11:08:49 AM	Gathering views
10-06-2023 11:08:49 AM	Gathering encrypted views
10-06-2023 11:08:49 AM	Gathering indexes
10-06-2023 11:08:49 AM	Gathering statistics
10-06-2023 11:08:49 AM	Gathering full-text index stoplists
10-06-2023 11:08:49 AM	Gathering search property lists
10-06-2023 11:08:49 AM	Gathering search properties
10-06-2023 11:08:49 AM	Gathering full-text indexes
10-06-2023 11:08:49 AM	Gathering column store indexes
10-06-2023 11:08:49 AM	Gathering spatial indexes
10-06-2023 11:09:14 AM	Gathering XML indexes
10-06-2023 11:09:14 AM	Gathering Selective XML indexes
10-06-2023 11:09:14 AM	Gathering encrypted triggers
10-06-2023 11:09:14 AM	Gathering triggers
10-06-2023 11:09:14 AM	Gathering encrypted and clr ddl triggers
10-06-2023 11:09:14 AM	Gathering ddl triggers
10-06-2023 11:09:14 AM	Creating edge constraints
10-06-2023 11:09:14 AM	Gathering synonyms
10-06-2023 11:09:14 AM	Gathering defaults
10-06-2023 11:09:14 AM	Gathering data constraint uddt bindings
10-06-2023 11:09:14 AM	Gathering rules
10-06-2023 11:09:14 AM	Gathering data constraint uddt bindings
10-06-2023 11:09:14 AM	Gathering message types
10-06-2023 11:09:14 AM	Gathering queues
10-06-2023 11:09:14 AM	Gathering contracts
10-06-2023 11:09:14 AM	Gathering services
10-06-2023 11:09:14 AM	Gathering event notifications
10-06-2023 11:09:14 AM	Gathering remote service bindings
10-06-2023 11:09:14 AM	Gathering broker priorities
10-06-2023 11:09:14 AM	Gathering signatures
10-06-2023 11:09:14 AM	Gathering compression options
10-06-2023 11:09:14 AM	Gathering sequence types
10-06-2023 11:09:14 AM	Gathering security policies
10-06-2023 11:09:14 AM	Gather column encryption keys
10-06-2023 11:09:14 AM	Gathering column master keys
10-06-2023 11:09:14 AM	Gathering external data sources
10-06-2023 11:09:14 AM	Gathering external file formats
10-06-2023 11:09:14 AM	Gathering external tables
10-06-2023 11:09:14 AM	Gathering XML index compression options
10-06-2023 11:09:14 AM	Gathering extended properties
10-06-2023 11:09:14 AM	Gathering assemblies
10-06-2023 11:09:14 AM	Gathering credentials
10-06-2023 11:09:14 AM	Gathering logins
10-06-2023 11:09:14 AM	Gathering server audits
10-06-2023 11:09:15 AM	Scanning project for duplicate elements
10-06-2023 11:09:15 AM	Finished duplicate element processing
10-06-2023 11:09:16 AM	Finished importing database.
10-06-2023 11:09:16 AM	A summary of the import was saved to the following location: D:\Udemy\Interview\CustomerAPI\Customer\Import Schema Logs\Customer_20230610053716.log
10-06-2023 11:09:16 AM	Click Finish to continue...
